2026-04-05 17:30:28,182 [INFO] Holographic Recovery Daemon initialized. Interval: 60s
2026-04-05 17:30:28,183 [INFO] === STARTING HOLOGRAPHIC RECOVERY CYCLE ===
2026-04-05 17:30:28,183 [INFO] Detected 10 active fibers in the manifold.
2026-04-05 17:30:28,192 [INFO] [SUCCESS] Pair (fiber_1047.npy, fiber_1076.npy) | Integrity: 1.0000000000
2026-04-05 17:30:28,193 [INFO] [SUCCESS] Pair (fiber_1076.npy, fiber_1092.npy) | Integrity: 1.0000000000
2026-04-05 17:30:28,193 [INFO] [SUCCESS] Pair (fiber_1092.npy, fiber_1262.npy) | Integrity: 1.0000000000
2026-04-05 17:30:28,194 [INFO] [SUCCESS] Pair (fiber_1262.npy, fiber_1321.npy) | Integrity: 1.0000000000
2026-04-05 17:30:28,194 [INFO] [SUCCESS] Pair (fiber_1321.npy, fiber_667.npy) | Integrity: 1.0000000000
2026-04-05 17:30:28,195 [INFO] [SUCCESS] Pair (fiber_667.npy, fiber_845.npy) | Integrity: 1.0000000000
2026-04-05 17:30:28,195 [INFO] [SUCCESS] Pair (fiber_845.npy, fiber_958.npy) | Integrity: 1.0000000000
2026-04-05 17:30:28,195 [INFO] [SUCCESS] Pair (fiber_958.npy, fiber_965.npy) | Integrity: 1.0000000000
2026-04-05 17:30:28,195 [INFO] [SUCCESS] Pair (fiber_965.npy, fiber_993.npy) | Integrity: 1.0000000000
2026-04-05 17:30:28,196 [INFO] Cycle Complete. Overall Integrity: 1.0000000000 | Status: STABLE
2026-04-05 17:30:28,196 [INFO] Daemon running in single-shot mode (set FSO_DAEMON_MODE=TRUE for persistence).
2026-04-05 17:30:52,122 [INFO] Holographic Recovery Daemon initialized. Interval: 60s
2026-04-05 17:30:52,122 [INFO] === STARTING HOLOGRAPHIC RECOVERY CYCLE ===
2026-04-05 17:30:52,122 [INFO] Detected 10 active fibers in the manifold.
2026-04-05 17:30:52,127 [INFO] [SUCCESS] Pair (fiber_1047.npy, fiber_1076.npy) | Integrity: 1.0000000000
2026-04-05 17:30:52,127 [INFO] [SUCCESS] Pair (fiber_1076.npy, fiber_1092.npy) | Integrity: 1.0000000000
2026-04-05 17:30:52,128 [INFO] [SUCCESS] Pair (fiber_1092.npy, fiber_1262.npy) | Integrity: 1.0000000000
2026-04-05 17:30:52,128 [INFO] [SUCCESS] Pair (fiber_1262.npy, fiber_1321.npy) | Integrity: 1.0000000000
2026-04-05 17:30:52,128 [INFO] [SUCCESS] Pair (fiber_1321.npy, fiber_667.npy) | Integrity: 1.0000000000
2026-04-05 17:30:52,129 [INFO] [SUCCESS] Pair (fiber_667.npy, fiber_845.npy) | Integrity: 1.0000000000
2026-04-05 17:30:52,129 [INFO] [SUCCESS] Pair (fiber_845.npy, fiber_958.npy) | Integrity: 1.0000000000
2026-04-05 17:30:52,129 [INFO] [SUCCESS] Pair (fiber_958.npy, fiber_965.npy) | Integrity: 1.0000000000
2026-04-05 17:30:52,130 [INFO] [SUCCESS] Pair (fiber_965.npy, fiber_993.npy) | Integrity: 1.0000000000
2026-04-05 17:30:52,130 [INFO] Cycle Complete. Overall Integrity: 1.0000000000 | Status: STABLE
2026-04-05 17:31:52,131 [INFO] === STARTING HOLOGRAPHIC RECOVERY CYCLE ===
2026-04-05 17:31:52,131 [INFO] Detected 10 active fibers in the manifold.
2026-04-05 17:31:52,134 [INFO] [SUCCESS] Pair (fiber_1047.npy, fiber_1076.npy) | Integrity: 1.0000000000
2026-04-05 17:31:52,135 [INFO] [SUCCESS] Pair (fiber_1076.npy, fiber_1092.npy) | Integrity: 1.0000000000
2026-04-05 17:31:52,135 [INFO] [SUCCESS] Pair (fiber_1092.npy, fiber_1262.npy) | Integrity: 1.0000000000
2026-04-05 17:31:52,135 [INFO] [SUCCESS] Pair (fiber_1262.npy, fiber_1321.npy) | Integrity: 1.0000000000
2026-04-05 17:31:52,136 [INFO] [SUCCESS] Pair (fiber_1321.npy, fiber_667.npy) | Integrity: 1.0000000000
2026-04-05 17:31:52,136 [INFO] [SUCCESS] Pair (fiber_667.npy, fiber_845.npy) | Integrity: 1.0000000000
2026-04-05 17:31:52,136 [INFO] [SUCCESS] Pair (fiber_845.npy, fiber_958.npy) | Integrity: 1.0000000000
2026-04-05 17:31:52,137 [INFO] [SUCCESS] Pair (fiber_958.npy, fiber_965.npy) | Integrity: 1.0000000000
2026-04-05 17:31:52,137 [INFO] [SUCCESS] Pair (fiber_965.npy, fiber_993.npy) | Integrity: 1.0000000000
2026-04-05 17:31:52,138 [INFO] Cycle Complete. Overall Integrity: 1.0000000000 | Status: STABLE
2026-04-05 17:32:52,138 [INFO] === STARTING HOLOGRAPHIC RECOVERY CYCLE ===
2026-04-05 17:32:52,139 [INFO] Detected 10 active fibers in the manifold.
2026-04-05 17:32:52,142 [INFO] [SUCCESS] Pair (fiber_1047.npy, fiber_1076.npy) | Integrity: 1.0000000000
2026-04-05 17:32:52,142 [INFO] [SUCCESS] Pair (fiber_1076.npy, fiber_1092.npy) | Integrity: 1.0000000000
2026-04-05 17:32:52,143 [INFO] [SUCCESS] Pair (fiber_1092.npy, fiber_1262.npy) | Integrity: 1.0000000000
2026-04-05 17:32:52,143 [INFO] [SUCCESS] Pair (fiber_1262.npy, fiber_1321.npy) | Integrity: 1.0000000000
2026-04-05 17:32:52,144 [INFO] [SUCCESS] Pair (fiber_1321.npy, fiber_667.npy) | Integrity: 1.0000000000
2026-04-05 17:32:52,144 [INFO] [SUCCESS] Pair (fiber_667.npy, fiber_845.npy) | Integrity: 1.0000000000
2026-04-05 17:32:52,144 [INFO] [SUCCESS] Pair (fiber_845.npy, fiber_958.npy) | Integrity: 1.0000000000
2026-04-05 17:32:52,145 [INFO] [SUCCESS] Pair (fiber_958.npy, fiber_965.npy) | Integrity: 1.0000000000
2026-04-05 17:32:52,145 [INFO] [SUCCESS] Pair (fiber_965.npy, fiber_993.npy) | Integrity: 1.0000000000
2026-04-05 17:32:52,145 [INFO] Cycle Complete. Overall Integrity: 1.0000000000 | Status: STABLE
2026-04-05 17:33:03,939 [INFO] Holographic Recovery Daemon initialized. Interval: 60s
2026-04-05 17:33:03,939 [INFO] === STARTING HOLOGRAPHIC RECOVERY CYCLE ===
2026-04-05 17:33:03,940 [INFO] Detected 10 active fibers in the manifold.
2026-04-05 17:33:03,944 [INFO] [SUCCESS] Pair (fiber_1047.npy, fiber_1076.npy) | Integrity: 1.0000000000
2026-04-05 17:33:03,944 [INFO] [SUCCESS] Pair (fiber_1076.npy, fiber_1092.npy) | Integrity: 1.0000000000
2026-04-05 17:33:03,944 [INFO] [SUCCESS] Pair (fiber_1092.npy, fiber_1262.npy) | Integrity: 1.0000000000
2026-04-05 17:33:03,945 [INFO] [SUCCESS] Pair (fiber_1262.npy, fiber_1321.npy) | Integrity: 1.0000000000
2026-04-05 17:33:03,945 [INFO] [SUCCESS] Pair (fiber_1321.npy, fiber_667.npy) | Integrity: 1.0000000000
2026-04-05 17:33:03,945 [INFO] [SUCCESS] Pair (fiber_667.npy, fiber_845.npy) | Integrity: 1.0000000000
2026-04-05 17:33:03,946 [INFO] [SUCCESS] Pair (fiber_845.npy, fiber_958.npy) | Integrity: 1.0000000000
2026-04-05 17:33:03,946 [INFO] [SUCCESS] Pair (fiber_958.npy, fiber_965.npy) | Integrity: 1.0000000000
2026-04-05 17:33:03,946 [INFO] [SUCCESS] Pair (fiber_965.npy, fiber_993.npy) | Integrity: 1.0000000000
2026-04-05 17:33:03,947 [INFO] Cycle Complete. Overall Integrity: 1.0000000000 | Status: STABLE
2026-04-05 17:33:03,947 [INFO] Daemon running in single-shot mode (set FSO_DAEMON_MODE=TRUE for persistence).
2026-04-05 17:33:52,146 [INFO] === STARTING HOLOGRAPHIC RECOVERY CYCLE ===
2026-04-05 17:33:52,146 [INFO] Detected 10 active fibers in the manifold.
2026-04-05 17:33:52,149 [INFO] [SUCCESS] Pair (fiber_1047.npy, fiber_1076.npy) | Integrity: 1.0000000000
2026-04-05 17:33:52,150 [INFO] [SUCCESS] Pair (fiber_1076.npy, fiber_1092.npy) | Integrity: 1.0000000000
2026-04-05 17:33:52,150 [INFO] [SUCCESS] Pair (fiber_1092.npy, fiber_1262.npy) | Integrity: 1.0000000000
2026-04-05 17:33:52,150 [INFO] [SUCCESS] Pair (fiber_1262.npy, fiber_1321.npy) | Integrity: 1.0000000000
2026-04-05 17:33:52,151 [INFO] [SUCCESS] Pair (fiber_1321.npy, fiber_667.npy) | Integrity: 1.0000000000
2026-04-05 17:33:52,151 [INFO] [SUCCESS] Pair (fiber_667.npy, fiber_845.npy) | Integrity: 1.0000000000
2026-04-05 17:33:52,151 [INFO] [SUCCESS] Pair (fiber_845.npy, fiber_958.npy) | Integrity: 1.0000000000
2026-04-05 17:33:52,152 [INFO] [SUCCESS] Pair (fiber_958.npy, fiber_965.npy) | Integrity: 1.0000000000
2026-04-05 17:33:52,152 [INFO] [SUCCESS] Pair (fiber_965.npy, fiber_993.npy) | Integrity: 1.0000000000
2026-04-05 17:33:52,153 [INFO] Cycle Complete. Overall Integrity: 1.0000000000 | Status: STABLE
2026-04-05 17:34:52,153 [INFO] === STARTING HOLOGRAPHIC RECOVERY CYCLE ===
2026-04-05 17:34:52,154 [INFO] Detected 10 active fibers in the manifold.
2026-04-05 17:34:52,156 [INFO] [SUCCESS] Pair (fiber_1047.npy, fiber_1076.npy) | Integrity: 1.0000000000
2026-04-05 17:34:52,156 [INFO] [SUCCESS] Pair (fiber_1076.npy, fiber_1092.npy) | Integrity: 1.0000000000
2026-04-05 17:34:52,157 [INFO] [SUCCESS] Pair (fiber_1092.npy, fiber_1262.npy) | Integrity: 1.0000000000
2026-04-05 17:34:52,157 [INFO] [SUCCESS] Pair (fiber_1262.npy, fiber_1321.npy) | Integrity: 1.0000000000
2026-04-05 17:34:52,157 [INFO] [SUCCESS] Pair (fiber_1321.npy, fiber_667.npy) | Integrity: 1.0000000000
2026-04-05 17:34:52,158 [INFO] [SUCCESS] Pair (fiber_667.npy, fiber_845.npy) | Integrity: 1.0000000000
2026-04-05 17:34:52,158 [INFO] [SUCCESS] Pair (fiber_845.npy, fiber_958.npy) | Integrity: 1.0000000000
2026-04-05 17:34:52,158 [INFO] [SUCCESS] Pair (fiber_958.npy, fiber_965.npy) | Integrity: 1.0000000000
2026-04-05 17:34:52,159 [INFO] [SUCCESS] Pair (fiber_965.npy, fiber_993.npy) | Integrity: 1.0000000000
2026-04-05 17:34:52,159 [INFO] Cycle Complete. Overall Integrity: 1.0000000000 | Status: STABLE
