[{"stream_name":"stdout","time":0.898595635,"data":"Problem: P3, Max Iters: 10000000, Seed: 42\n"}
,{"stream_name":"stdout","time":27.618739211,"data":"  it= 100,000 T=1.63746 score=376 best=356 reh=0 26.7s\n"}
,{"stream_name":"stdout","time":53.973134053,"data":"  it= 200,000 T=1.34064 score=367 best=324 reh=0 53.1s\n"}
,{"stream_name":"stdout","time":80.074709873,"data":"  it= 300,000 T=1.09762 score=339 best=297 reh=0 79.2s\n"}
,{"stream_name":"stdout","time":105.847113629,"data":"  it= 400,000 T=0.89866 score=290 best=265 reh=0 104.9s\n"}
,{"stream_name":"stdout","time":131.260088769,"data":"  it= 500,000 T=0.73576 score=270 best=225 reh=0 130.4s\n"}
,{"stream_name":"stdout","time":156.134385146,"data":"  it= 600,000 T=0.60239 score=214 best=175 reh=0 155.2s\n"}
,{"stream_name":"stdout","time":180.398628495,"data":"  it= 700,000 T=0.49319 score=120 best=106 reh=0 179.5s\n"}
,{"stream_name":"stdout","time":204.062190882,"data":"  it= 800,000 T=0.40379 score=88 best=82 reh=0 203.2s\n"}
,{"stream_name":"stdout","time":227.223792123,"data":"  it= 900,000 T=0.33060 score=55 best=49 reh=0 226.3s\n"}
,{"stream_name":"stdout","time":250.164354044,"data":"  it=1,000,000 T=0.27067 score=38 best=38 reh=0 249.3s\n"}
,{"stream_name":"stdout","time":273.052626495,"data":"  it=1,100,000 T=0.22161 score=35 best=35 reh=0 272.2s\n"}
,{"stream_name":"stdout","time":298.037769191,"data":"  it=1,200,000 T=1.47548 score=348 best=35 reh=1 297.1s\n"}
,{"stream_name":"stdout","time":324.227583141,"data":"  it=1,300,000 T=1.22957 score=355 best=35 reh=2 323.3s\n"}
,{"stream_name":"stdout","time":350.136338766,"data":"  it=1,400,000 T=1.02465 score=313 best=35 reh=3 349.2s\n"}
,{"stream_name":"stdout","time":375.774738676,"data":"  it=1,500,000 T=0.85387 score=305 best=35 reh=4 374.9s\n"}
,{"stream_name":"stdout","time":400.93290339,"data":"  it=1,600,000 T=0.71156 score=252 best=35 reh=5 400.0s\n"}
,{"stream_name":"stdout","time":425.677226919,"data":"  it=1,700,000 T=0.59297 score=194 best=35 reh=6 424.8s\n"}
,{"stream_name":"stdout","time":449.731683574,"data":"  it=1,800,000 T=0.49414 score=125 best=35 reh=7 448.8s\n"}
,{"stream_name":"stdout","time":473.263295121,"data":"  it=1,900,000 T=0.41179 score=73 best=35 reh=8 472.4s\n"}
,{"stream_name":"stdout","time":496.438242414,"data":"  it=2,000,000 T=0.34316 score=46 best=35 reh=9 495.5s\n"}
,{"stream_name":"stdout","time":519.394661927,"data":"  it=2,100,000 T=0.28596 score=34 best=34 reh=10 518.5s\n"}
,{"stream_name":"stdout","time":542.185538422,"data":"  it=2,200,000 T=0.23413 score=30 best=30 reh=10 541.3s\n"}
,{"stream_name":"stdout","time":564.913320833,"data":"  it=2,300,000 T=0.19169 score=28 best=28 reh=10 564.0s\n"}
,{"stream_name":"stdout","time":587.602126994,"data":"  it=2,400,000 T=0.15694 score=27 best=27 reh=10 586.7s\n"}
,{"stream_name":"stdout","time":610.43268392,"data":"  it=2,500,000 T=0.22039 score=33 best=27 reh=11 609.5s\n"}
,{"stream_name":"stdout","time":633.3376934,"data":"  it=2,600,000 T=0.18366 score=36 best=27 reh=12 632.4s\n"}
,{"stream_name":"stdout","time":656.144205105,"data":"  it=2,700,000 T=0.15305 score=33 best=27 reh=13 655.2s\n"}
,{"stream_name":"stdout","time":678.965875467,"data":"  it=2,800,000 T=0.12754 score=32 best=27 reh=14 678.1s\n"}
,{"stream_name":"stdout","time":701.789360507,"data":"  it=2,900,000 T=0.10628 score=35 best=27 reh=15 700.9s\n"}
,{"stream_name":"stdout","time":724.720340321,"data":"  it=3,000,000 T=0.08857 score=39 best=27 reh=16 723.8s\n"}
,{"stream_name":"stdout","time":747.610357728,"data":"  it=3,100,000 T=0.07381 score=38 best=27 reh=17 746.7s\n"}
,{"stream_name":"stdout","time":770.293170258,"data":"  it=3,200,000 T=0.06151 score=28 best=27 reh=18 769.4s\n"}
,{"stream_name":"stdout","time":793.141994857,"data":"  it=3,300,000 T=0.05126 score=37 best=27 reh=19 792.2s\n"}
,{"stream_name":"stdout","time":815.915294825,"data":"  it=3,400,000 T=0.04271 score=32 best=27 reh=20 815.0s\n"}
,{"stream_name":"stdout","time":838.853326173,"data":"  it=3,500,000 T=0.03559 score=32 best=27 reh=21 838.0s\n"}
,{"stream_name":"stdout","time":862.355274376,"data":"  it=3,600,000 T=0.02966 score=30 best=27 reh=22 861.5s\n"}
,{"stream_name":"stdout","time":885.946674727,"data":"  it=3,700,000 T=0.02472 score=37 best=27 reh=23 885.0s\n"}
,{"stream_name":"stdout","time":909.473300425,"data":"  it=3,800,000 T=0.02060 score=26 best=26 reh=24 908.6s\n"}
,{"stream_name":"stdout","time":933.103828005,"data":"  it=3,900,000 T=0.01970 score=37 best=26 reh=25 932.2s\n"}
,{"stream_name":"stdout","time":956.949113252,"data":"  it=4,000,000 T=0.01641 score=31 best=26 reh=26 956.0s\n"}
,{"stream_name":"stdout","time":980.909426721,"data":"  it=4,100,000 T=0.01344 score=23 best=23 reh=26 980.0s\n"}
,{"stream_name":"stdout","time":1004.596259575,"data":"  it=4,200,000 T=0.01418 score=54 best=23 reh=27 1003.7s\n"}
,{"stream_name":"stdout","time":1028.498338925,"data":"  it=4,300,000 T=0.01181 score=46 best=23 reh=28 1027.6s\n"}
,{"stream_name":"stdout","time":1052.424926546,"data":"  it=4,400,000 T=0.00984 score=49 best=23 reh=29 1051.5s\n"}
,{"stream_name":"stdout","time":1076.39291272,"data":"  it=4,500,000 T=0.00820 score=43 best=23 reh=30 1075.5s\n"}
,{"stream_name":"stdout","time":1099.852088236,"data":"  it=4,600,000 T=0.00684 score=46 best=23 reh=31 1098.9s\n"}
,{"stream_name":"stdout","time":1123.080923438,"data":"  it=4,700,000 T=0.00570 score=39 best=23 reh=32 1122.2s\n"}
,{"stream_name":"stdout","time":1145.994375458,"data":"  it=4,800,000 T=0.00475 score=35 best=23 reh=33 1145.1s\n"}
,{"stream_name":"stdout","time":1168.997439335,"data":"  it=4,900,000 T=0.00396 score=47 best=23 reh=34 1168.1s\n"}
,{"stream_name":"stdout","time":1191.922485679,"data":"  it=5,000,000 T=0.00330 score=38 best=23 reh=35 1191.0s\n"}
,{"stream_name":"stdout","time":1214.968197006,"data":"  it=5,100,000 T=0.00275 score=51 best=23 reh=36 1214.1s\n"}
,{"stream_name":"stdout","time":1237.848736548,"data":"  it=5,200,000 T=0.00229 score=43 best=23 reh=37 1236.9s\n"}
,{"stream_name":"stdout","time":1260.936095688,"data":"  it=5,300,000 T=0.00191 score=46 best=23 reh=38 1260.0s\n"}
,{"stream_name":"stdout","time":1283.725773446,"data":"  it=5,400,000 T=0.00159 score=45 best=23 reh=39 1282.8s\n"}
,{"stream_name":"stdout","time":1306.455604564,"data":"  it=5,500,000 T=0.00133 score=32 best=23 reh=40 1305.6s\n"}
,{"stream_name":"stdout","time":1329.124352614,"data":"  it=5,600,000 T=0.00110 score=39 best=23 reh=41 1328.2s\n"}
,{"stream_name":"stdout","time":1352.098693978,"data":"  it=5,700,000 T=0.00092 score=40 best=23 reh=42 1351.2s\n"}
,{"stream_name":"stdout","time":1374.821398379,"data":"  it=5,800,000 T=0.00077 score=36 best=23 reh=43 1373.9s\n"}
,{"stream_name":"stdout","time":1397.552607309,"data":"  it=5,900,000 T=0.00063 score=20 best=20 reh=43 1396.7s\n"}
,{"stream_name":"stdout","time":1420.150654949,"data":"  it=6,000,000 T=0.00051 score=19 best=19 reh=43 1419.2s\n"}
,{"stream_name":"stdout","time":1442.794849949,"data":"  it=6,100,000 T=0.00054 score=19 best=19 reh=44 1441.9s\n"}
,{"stream_name":"stdout","time":1465.52632602,"data":"  it=6,200,000 T=0.00045 score=26 best=19 reh=45 1464.6s\n"}
,{"stream_name":"stdout","time":1488.138596915,"data":"  it=6,300,000 T=0.00037 score=19 best=19 reh=46 1487.2s\n"}
,{"stream_name":"stdout","time":1510.866247574,"data":"  it=6,400,000 T=0.00031 score=21 best=19 reh=47 1510.0s\n"}
,{"stream_name":"stdout","time":1533.514340011,"data":"  it=6,500,000 T=0.00026 score=24 best=19 reh=48 1532.6s\n"}
,{"stream_name":"stdout","time":1556.281448802,"data":"  it=6,600,000 T=0.00022 score=29 best=19 reh=49 1555.4s\n"}
,{"stream_name":"stdout","time":1578.918490549,"data":"  it=6,700,000 T=0.00018 score=18 best=18 reh=50 1578.0s\n"}
,{"stream_name":"stdout","time":1601.682082089,"data":"  it=6,800,000 T=0.00017 score=19 best=18 reh=51 1600.8s\n"}
,{"stream_name":"stdout","time":1624.470975707,"data":"  it=6,900,000 T=0.00014 score=35 best=18 reh=52 1623.6s\n"}
,{"stream_name":"stdout","time":1647.337809109,"data":"  it=7,000,000 T=0.00012 score=27 best=18 reh=53 1646.4s\n"}
,{"stream_name":"stdout","time":1670.146506806,"data":"  it=7,100,000 T=0.00010 score=20 best=18 reh=54 1669.2s\n"}
,{"stream_name":"stdout","time":1692.978542566,"data":"  it=7,200,000 T=0.00008 score=22 best=18 reh=55 1692.1s\n"}
,{"stream_name":"stdout","time":1715.822714738,"data":"  it=7,300,000 T=0.00007 score=35 best=18 reh=56 1714.9s\n"}
,{"stream_name":"stdout","time":1738.553984586,"data":"  it=7,400,000 T=0.00006 score=30 best=18 reh=57 1737.7s\n"}
,{"stream_name":"stdout","time":1761.408680004,"data":"  it=7,500,000 T=0.00005 score=27 best=18 reh=58 1760.5s\n"}
,{"stream_name":"stdout","time":1784.175653131,"data":"  it=7,600,000 T=0.00004 score=21 best=18 reh=59 1783.3s\n"}
,{"stream_name":"stdout","time":1806.994742174,"data":"  it=7,700,000 T=0.00003 score=29 best=18 reh=60 1806.1s\n"}
,{"stream_name":"stdout","time":1829.840051876,"data":"  it=7,800,000 T=0.00003 score=28 best=18 reh=61 1828.9s\n"}
,{"stream_name":"stdout","time":1852.625345642,"data":"  it=7,900,000 T=0.00002 score=20 best=18 reh=62 1851.7s\n"}
,{"stream_name":"stdout","time":1875.395626651,"data":"  it=8,000,000 T=0.00002 score=28 best=18 reh=63 1874.5s\n"}
,{"stream_name":"stdout","time":1898.210260217,"data":"  it=8,100,000 T=0.00002 score=27 best=18 reh=64 1897.3s\n"}
,{"stream_name":"stdout","time":1920.998623848,"data":"  it=8,200,000 T=0.00001 score=25 best=18 reh=65 1920.1s\n"}
,{"stream_name":"stdout","time":1943.820277637,"data":"  it=8,300,000 T=0.00001 score=21 best=18 reh=66 1942.9s\n"}
,{"stream_name":"stdout","time":1966.532141563,"data":"  it=8,400,000 T=0.00001 score=22 best=18 reh=67 1965.6s\n"}
,{"stream_name":"stdout","time":1989.166673131,"data":"  it=8,500,000 T=0.00001 score=22 best=18 reh=68 1988.3s\n"}
,{"stream_name":"stdout","time":2011.815239768,"data":"  it=8,600,000 T=0.00001 score=16 best=16 reh=69 2010.9s\n"}
,{"stream_name":"stdout","time":2034.328532403,"data":"  it=8,700,000 T=0.00001 score=15 best=15 reh=69 2033.4s\n"}
,{"stream_name":"stdout","time":2056.959299212,"data":"  it=8,800,000 T=0.00000 score=20 best=15 reh=70 2056.1s\n"}
,{"stream_name":"stdout","time":2079.615493524,"data":"  it=8,900,000 T=0.00000 score=19 best=15 reh=71 2078.7s\n"}
,{"stream_name":"stdout","time":2102.696546436,"data":"  it=9,000,000 T=0.00000 score=27 best=15 reh=72 2101.8s\n"}
,{"stream_name":"stdout","time":2125.328872618,"data":"  it=9,100,000 T=0.00000 score=16 best=15 reh=73 2124.4s\n"}
,{"stream_name":"stdout","time":2147.986327273,"data":"  it=9,200,000 T=0.00000 score=21 best=15 reh=74 2147.1s\n"}
,{"stream_name":"stdout","time":2170.523455105,"data":"  it=9,300,000 T=0.00000 score=16 best=15 reh=75 2169.6s\n"}
,{"stream_name":"stdout","time":2193.286798039,"data":"  it=9,400,000 T=0.00000 score=16 best=15 reh=76 2192.4s\n"}
,{"stream_name":"stdout","time":2216.230464278,"data":"  it=9,500,000 T=0.00000 score=17 best=15 reh=77 2215.3s\n"}
,{"stream_name":"stdout","time":2238.977751428,"data":"  it=9,600,000 T=0.00000 score=21 best=15 reh=78 2238.1s\n"}
,{"stream_name":"stdout","time":2261.599505192,"data":"  it=9,700,000 T=0.00000 score=17 best=15 reh=79 2260.7s\n"}
,{"stream_name":"stdout","time":2284.534130683,"data":"  it=9,800,000 T=0.00000 score=24 best=15 reh=80 2283.6s\n"}
,{"stream_name":"stdout","time":2307.16979413,"data":"  it=9,900,000 T=0.00000 score=26 best=15 reh=81 2306.3s\n"}
,{"stream_name":"stdout","time":2329.789176662,"data":"  it=10,000,000 T=0.00000 score=22 best=15 reh=82 2328.9s\n"}
,{"stream_name":"stdout","time":2329.789229359,"data":"\n"}
,{"stream_name":"stdout","time":2329.789235909,"data":"Final Stats: {'best': 15, 'iters': 10000000}\n"}
,{"stream_name":"stderr","time":2332.740076592,"data":"/usr/local/lib/python3.12/dist-packages/mistune.py:435: SyntaxWarning: invalid escape sequence '\\|'\n"}
,{"stream_name":"stderr","time":2332.740132836,"data":"  cells[i][c] = re.sub('\\\\\\\\\\|', '|', cell)\n"}
,{"stream_name":"stderr","time":2333.126664454,"data":"/usr/local/lib/python3.12/dist-packages/nbconvert/filters/filter_links.py:36: SyntaxWarning: invalid escape sequence '\\_'\n"}
,{"stream_name":"stderr","time":2333.126694049,"data":"  text = re.sub(r'_', '\\_', text) # Escape underscores in display text\n"}
,{"stream_name":"stderr","time":2334.644103206,"data":"[NbConvertApp] Converting notebook __script__.ipynb to html\n"}
,{"stream_name":"stderr","time":2336.316643123,"data":"[NbConvertApp] Writing 337300 bytes to __results__.html\n"}
]