[{"stream_name":"stdout","time":0.783815923,"data":"Problem: P3, Max Iters: 10000000, Seed: 42\n"}
,{"stream_name":"stdout","time":27.0905965,"data":"  it= 100,000 T=1.63746 score=376 best=356 reh=0 26.3s\n"}
,{"stream_name":"stdout","time":53.103905841,"data":"  it= 200,000 T=1.34064 score=367 best=324 reh=0 52.3s\n"}
,{"stream_name":"stdout","time":78.811282383,"data":"  it= 300,000 T=1.09762 score=339 best=297 reh=0 78.0s\n"}
,{"stream_name":"stdout","time":104.223763637,"data":"  it= 400,000 T=0.89866 score=290 best=265 reh=0 103.4s\n"}
,{"stream_name":"stdout","time":129.272186235,"data":"  it= 500,000 T=0.73576 score=270 best=225 reh=0 128.5s\n"}
,{"stream_name":"stdout","time":153.812474996,"data":"  it= 600,000 T=0.60239 score=214 best=175 reh=0 153.0s\n"}
,{"stream_name":"stdout","time":177.728175467,"data":"  it= 700,000 T=0.49319 score=120 best=106 reh=0 176.9s\n"}
,{"stream_name":"stdout","time":200.99197407,"data":"  it= 800,000 T=0.40379 score=88 best=82 reh=0 200.2s\n"}
,{"stream_name":"stdout","time":223.82796125,"data":"  it= 900,000 T=0.33060 score=55 best=49 reh=0 223.0s\n"}
,{"stream_name":"stdout","time":246.423751272,"data":"  it=1,000,000 T=0.27067 score=38 best=38 reh=0 245.6s\n"}
,{"stream_name":"stdout","time":268.916341097,"data":"  it=1,100,000 T=0.22161 score=35 best=35 reh=0 268.1s\n"}
,{"stream_name":"stdout","time":293.527889953,"data":"  it=1,200,000 T=1.47548 score=348 best=35 reh=1 292.7s\n"}
,{"stream_name":"stdout","time":319.301044292,"data":"  it=1,300,000 T=1.22957 score=355 best=35 reh=2 318.5s\n"}
,{"stream_name":"stdout","time":344.889936536,"data":"  it=1,400,000 T=1.02465 score=313 best=35 reh=3 344.1s\n"}
,{"stream_name":"stdout","time":370.120780006,"data":"  it=1,500,000 T=0.85387 score=305 best=35 reh=4 369.3s\n"}
,{"stream_name":"stdout","time":394.943818364,"data":"  it=1,600,000 T=0.71156 score=252 best=35 reh=5 394.2s\n"}
,{"stream_name":"stdout","time":419.31664632,"data":"  it=1,700,000 T=0.59297 score=194 best=35 reh=6 418.5s\n"}
,{"stream_name":"stdout","time":443.086943365,"data":"  it=1,800,000 T=0.49414 score=125 best=35 reh=7 442.3s\n"}
,{"stream_name":"stdout","time":466.218448498,"data":"  it=1,900,000 T=0.41179 score=73 best=35 reh=8 465.4s\n"}
,{"stream_name":"stdout","time":488.983776952,"data":"  it=2,000,000 T=0.34316 score=46 best=35 reh=9 488.2s\n"}
,{"stream_name":"stdout","time":511.557930729,"data":"  it=2,100,000 T=0.28596 score=34 best=34 reh=10 510.8s\n"}
,{"stream_name":"stdout","time":534.001286201,"data":"  it=2,200,000 T=0.23413 score=30 best=30 reh=10 533.2s\n"}
,{"stream_name":"stdout","time":556.332891973,"data":"  it=2,300,000 T=0.19169 score=28 best=28 reh=10 555.5s\n"}
,{"stream_name":"stdout","time":578.64779395,"data":"  it=2,400,000 T=0.15694 score=27 best=27 reh=10 577.9s\n"}
,{"stream_name":"stdout","time":601.095195786,"data":"  it=2,500,000 T=0.22039 score=33 best=27 reh=11 600.3s\n"}
,{"stream_name":"stdout","time":623.640704853,"data":"  it=2,600,000 T=0.18366 score=36 best=27 reh=12 622.9s\n"}
,{"stream_name":"stdout","time":646.111148621,"data":"  it=2,700,000 T=0.15305 score=33 best=27 reh=13 645.3s\n"}
,{"stream_name":"stdout","time":668.5382607,"data":"  it=2,800,000 T=0.12754 score=32 best=27 reh=14 667.8s\n"}
,{"stream_name":"stdout","time":691.005137239,"data":"  it=2,900,000 T=0.10628 score=35 best=27 reh=15 690.2s\n"}
,{"stream_name":"stdout","time":713.62539628,"data":"  it=3,000,000 T=0.08857 score=39 best=27 reh=16 712.8s\n"}
,{"stream_name":"stdout","time":736.125617914,"data":"  it=3,100,000 T=0.07381 score=38 best=27 reh=17 735.3s\n"}
,{"stream_name":"stdout","time":758.493804491,"data":"  it=3,200,000 T=0.06151 score=28 best=27 reh=18 757.7s\n"}
,{"stream_name":"stdout","time":780.991968671,"data":"  it=3,300,000 T=0.05126 score=37 best=27 reh=19 780.2s\n"}
,{"stream_name":"stdout","time":803.541499031,"data":"  it=3,400,000 T=0.04271 score=32 best=27 reh=20 802.8s\n"}
,{"stream_name":"stdout","time":825.993986661,"data":"  it=3,500,000 T=0.03559 score=32 best=27 reh=21 825.2s\n"}
,{"stream_name":"stdout","time":848.428967728,"data":"  it=3,600,000 T=0.02966 score=30 best=27 reh=22 847.6s\n"}
,{"stream_name":"stdout","time":871.094627554,"data":"  it=3,700,000 T=0.02472 score=37 best=27 reh=23 870.3s\n"}
,{"stream_name":"stdout","time":893.530846721,"data":"  it=3,800,000 T=0.02060 score=26 best=26 reh=24 892.7s\n"}
,{"stream_name":"stdout","time":915.904538281,"data":"  it=3,900,000 T=0.01970 score=37 best=26 reh=25 915.1s\n"}
,{"stream_name":"stdout","time":938.316937507,"data":"  it=4,000,000 T=0.01641 score=31 best=26 reh=26 937.5s\n"}
,{"stream_name":"stdout","time":960.611107862,"data":"  it=4,100,000 T=0.01344 score=23 best=23 reh=26 959.8s\n"}
,{"stream_name":"stdout","time":983.002760988,"data":"  it=4,200,000 T=0.01418 score=54 best=23 reh=27 982.2s\n"}
,{"stream_name":"stdout","time":1005.55236011,"data":"  it=4,300,000 T=0.01181 score=46 best=23 reh=28 1004.8s\n"}
,{"stream_name":"stdout","time":1028.057386382,"data":"  it=4,400,000 T=0.00984 score=49 best=23 reh=29 1027.3s\n"}
,{"stream_name":"stdout","time":1050.571362895,"data":"  it=4,500,000 T=0.00820 score=43 best=23 reh=30 1049.8s\n"}
,{"stream_name":"stdout","time":1073.013354729,"data":"  it=4,600,000 T=0.00684 score=46 best=23 reh=31 1072.2s\n"}
,{"stream_name":"stdout","time":1095.484172526,"data":"  it=4,700,000 T=0.00570 score=39 best=23 reh=32 1094.7s\n"}
,{"stream_name":"stdout","time":1117.936167132,"data":"  it=4,800,000 T=0.00475 score=35 best=23 reh=33 1117.2s\n"}
,{"stream_name":"stdout","time":1140.34842779,"data":"  it=4,900,000 T=0.00396 score=47 best=23 reh=34 1139.6s\n"}
,{"stream_name":"stdout","time":1162.846375687,"data":"  it=5,000,000 T=0.00330 score=38 best=23 reh=35 1162.1s\n"}
,{"stream_name":"stdout","time":1185.264314631,"data":"  it=5,100,000 T=0.00275 score=51 best=23 reh=36 1184.5s\n"}
,{"stream_name":"stdout","time":1207.734673866,"data":"  it=5,200,000 T=0.00229 score=43 best=23 reh=37 1206.9s\n"}
,{"stream_name":"stdout","time":1230.204648938,"data":"  it=5,300,000 T=0.00191 score=46 best=23 reh=38 1229.4s\n"}
,{"stream_name":"stdout","time":1252.694202255,"data":"  it=5,400,000 T=0.00159 score=45 best=23 reh=39 1251.9s\n"}
,{"stream_name":"stdout","time":1275.068370346,"data":"  it=5,500,000 T=0.00133 score=32 best=23 reh=40 1274.3s\n"}
,{"stream_name":"stdout","time":1297.3624886,"data":"  it=5,600,000 T=0.00110 score=39 best=23 reh=41 1296.6s\n"}
,{"stream_name":"stdout","time":1319.702841982,"data":"  it=5,700,000 T=0.00092 score=40 best=23 reh=42 1318.9s\n"}
,{"stream_name":"stdout","time":1342.11948274,"data":"  it=5,800,000 T=0.00077 score=36 best=23 reh=43 1341.3s\n"}
,{"stream_name":"stdout","time":1364.421054341,"data":"  it=5,900,000 T=0.00063 score=20 best=20 reh=43 1363.6s\n"}
,{"stream_name":"stdout","time":1386.685456802,"data":"  it=6,000,000 T=0.00051 score=19 best=19 reh=43 1385.9s\n"}
,{"stream_name":"stdout","time":1408.946426315,"data":"  it=6,100,000 T=0.00054 score=19 best=19 reh=44 1408.2s\n"}
,{"stream_name":"stdout","time":1431.392553618,"data":"  it=6,200,000 T=0.00045 score=26 best=19 reh=45 1430.6s\n"}
,{"stream_name":"stdout","time":1453.686298554,"data":"  it=6,300,000 T=0.00037 score=19 best=19 reh=46 1452.9s\n"}
,{"stream_name":"stdout","time":1476.08575518,"data":"  it=6,400,000 T=0.00031 score=21 best=19 reh=47 1475.3s\n"}
,{"stream_name":"stdout","time":1498.475306787,"data":"  it=6,500,000 T=0.00026 score=24 best=19 reh=48 1497.7s\n"}
,{"stream_name":"stdout","time":1520.990824656,"data":"  it=6,600,000 T=0.00022 score=29 best=19 reh=49 1520.2s\n"}
,{"stream_name":"stdout","time":1543.292368054,"data":"  it=6,700,000 T=0.00018 score=18 best=18 reh=50 1542.5s\n"}
,{"stream_name":"stdout","time":1565.551232845,"data":"  it=6,800,000 T=0.00017 score=19 best=18 reh=51 1564.8s\n"}
,{"stream_name":"stdout","time":1587.874524274,"data":"  it=6,900,000 T=0.00014 score=35 best=18 reh=52 1587.1s\n"}
,{"stream_name":"stdout","time":1610.229906271,"data":"  it=7,000,000 T=0.00012 score=27 best=18 reh=53 1609.4s\n"}
,{"stream_name":"stdout","time":1632.585569496,"data":"  it=7,100,000 T=0.00010 score=20 best=18 reh=54 1631.8s\n"}
,{"stream_name":"stdout","time":1654.845993524,"data":"  it=7,200,000 T=0.00008 score=22 best=18 reh=55 1654.1s\n"}
,{"stream_name":"stdout","time":1677.176613065,"data":"  it=7,300,000 T=0.00007 score=35 best=18 reh=56 1676.4s\n"}
,{"stream_name":"stdout","time":1699.538274548,"data":"  it=7,400,000 T=0.00006 score=30 best=18 reh=57 1698.8s\n"}
,{"stream_name":"stdout","time":1721.859344094,"data":"  it=7,500,000 T=0.00005 score=27 best=18 reh=58 1721.1s\n"}
,{"stream_name":"stdout","time":1744.17776681,"data":"  it=7,600,000 T=0.00004 score=21 best=18 reh=59 1743.4s\n"}
,{"stream_name":"stdout","time":1766.480764379,"data":"  it=7,700,000 T=0.00003 score=29 best=18 reh=60 1765.7s\n"}
,{"stream_name":"stdout","time":1788.803034115,"data":"  it=7,800,000 T=0.00003 score=28 best=18 reh=61 1788.0s\n"}
,{"stream_name":"stdout","time":1811.114329353,"data":"  it=7,900,000 T=0.00002 score=20 best=18 reh=62 1810.3s\n"}
,{"stream_name":"stdout","time":1833.41579958,"data":"  it=8,000,000 T=0.00002 score=28 best=18 reh=63 1832.6s\n"}
,{"stream_name":"stdout","time":1855.75130118,"data":"  it=8,100,000 T=0.00002 score=27 best=18 reh=64 1855.0s\n"}
,{"stream_name":"stdout","time":1878.059982231,"data":"  it=8,200,000 T=0.00001 score=25 best=18 reh=65 1877.3s\n"}
,{"stream_name":"stdout","time":1900.333882849,"data":"  it=8,300,000 T=0.00001 score=21 best=18 reh=66 1899.5s\n"}
,{"stream_name":"stdout","time":1922.610776684,"data":"  it=8,400,000 T=0.00001 score=22 best=18 reh=67 1921.8s\n"}
,{"stream_name":"stdout","time":1944.89327209,"data":"  it=8,500,000 T=0.00001 score=22 best=18 reh=68 1944.1s\n"}
,{"stream_name":"stdout","time":1967.15766085,"data":"  it=8,600,000 T=0.00001 score=16 best=16 reh=69 1966.4s\n"}
,{"stream_name":"stdout","time":1989.360581514,"data":"  it=8,700,000 T=0.00001 score=15 best=15 reh=69 1988.6s\n"}
,{"stream_name":"stdout","time":2011.687598609,"data":"  it=8,800,000 T=0.00000 score=20 best=15 reh=70 2010.9s\n"}
,{"stream_name":"stdout","time":2034.011976851,"data":"  it=8,900,000 T=0.00000 score=19 best=15 reh=71 2033.2s\n"}
,{"stream_name":"stdout","time":2056.338056341,"data":"  it=9,000,000 T=0.00000 score=27 best=15 reh=72 2055.6s\n"}
,{"stream_name":"stdout","time":2078.540245706,"data":"  it=9,100,000 T=0.00000 score=16 best=15 reh=73 2077.8s\n"}
,{"stream_name":"stdout","time":2100.873829099,"data":"  it=9,200,000 T=0.00000 score=21 best=15 reh=74 2100.1s\n"}
,{"stream_name":"stdout","time":2123.133347962,"data":"  it=9,300,000 T=0.00000 score=16 best=15 reh=75 2122.3s\n"}
,{"stream_name":"stdout","time":2145.441843587,"data":"  it=9,400,000 T=0.00000 score=16 best=15 reh=76 2144.7s\n"}
,{"stream_name":"stdout","time":2167.694039537,"data":"  it=9,500,000 T=0.00000 score=17 best=15 reh=77 2166.9s\n"}
,{"stream_name":"stdout","time":2190.057789174,"data":"  it=9,600,000 T=0.00000 score=21 best=15 reh=78 2189.3s\n"}
,{"stream_name":"stdout","time":2212.35127701,"data":"  it=9,700,000 T=0.00000 score=17 best=15 reh=79 2211.6s\n"}
,{"stream_name":"stdout","time":2234.684729233,"data":"  it=9,800,000 T=0.00000 score=24 best=15 reh=80 2233.9s\n"}
,{"stream_name":"stdout","time":2256.964560777,"data":"  it=9,900,000 T=0.00000 score=26 best=15 reh=81 2256.2s\n"}
,{"stream_name":"stdout","time":2279.310872872,"data":"  it=10,000,000 T=0.00000 score=22 best=15 reh=82 2278.5s\n"}
,{"stream_name":"stdout","time":2279.310932817,"data":"\n"}
,{"stream_name":"stdout","time":2279.310940432,"data":"Final Stats: {'best': 15, 'iters': 10000000}\n"}
,{"stream_name":"stderr","time":2282.220913778,"data":"/usr/local/lib/python3.12/dist-packages/mistune.py:435: SyntaxWarning: invalid escape sequence '\\|'\n"}
,{"stream_name":"stderr","time":2282.220980093,"data":"  cells[i][c] = re.sub('\\\\\\\\\\|', '|', cell)\n"}
,{"stream_name":"stderr","time":2282.605647089,"data":"/usr/local/lib/python3.12/dist-packages/nbconvert/filters/filter_links.py:36: SyntaxWarning: invalid escape sequence '\\_'\n"}
,{"stream_name":"stderr","time":2282.605688789,"data":"  text = re.sub(r'_', '\\_', text) # Escape underscores in display text\n"}
,{"stream_name":"stderr","time":2283.510142137,"data":"[NbConvertApp] Converting notebook __script__.ipynb to html\n"}
,{"stream_name":"stderr","time":2285.164410845,"data":"[NbConvertApp] Writing 337300 bytes to __results__.html\n"}
]